[06:15:45] [main/WARN]: Ambiguity between arguments [teleport, destination] and [teleport, targets] with inputs: [Player, 0123, @e, dd12be42-52a9-4a91-a8a1-11c01849e498]
[06:15:45] [main/WARN]: Ambiguity between arguments [teleport, location] and [teleport, destination] with inputs: [0.1 -0.5 .9, 0 0 0]
[06:15:45] [main/WARN]: Ambiguity between arguments [teleport, location] and [teleport, targets] with inputs: [0.1 -0.5 .9, 0 0 0]
[06:15:45] [main/WARN]: Ambiguity between arguments [teleport, targets] and [teleport, destination] with inputs: [Player, 0123, dd12be42-52a9-4a91-a8a1-11c01849e498]
[06:15:45] [main/WARN]: Ambiguity between arguments [teleport, targets, location] and [teleport, targets, destination] with inputs: [0.1 -0.5 .9, 0 0 0]
[06:15:46] [Server thread/INFO]: Starting minecraft server version 1.14.4
[06:15:46] [Server thread/INFO]: Loading properties
[06:15:46] [Server thread/INFO]: Default game type: SURVIVAL
[06:15:46] [Server thread/INFO]: Generating keypair
[06:15:46] [Server thread/INFO]: Starting Minecraft server on *:25565
[06:15:46] [Server thread/INFO]: Using default channel type
[06:15:47] [Server thread/INFO]: Preparing level "world"
[06:15:47] [Server thread/INFO]: Reloading ResourceManager: Default
[06:16:19] [Server thread/INFO]: Loaded 6 recipes
[06:16:20] [Server thread/INFO]: Loaded 811 advancements
[06:16:20] [Server thread/INFO]: Preparing start region for dimension minecraft:overworld
[06:16:23] [Server thread/INFO]: Preparing spawn area: 0%
[06:16:23] [Server thread/INFO]: Preparing spawn area: 0%
[06:16:23] [Server thread/INFO]: Preparing spawn area: 0%
[06:16:23] [Server thread/INFO]: Preparing spawn area: 0%
[06:16:23] [Server thread/INFO]: Preparing spawn area: 0%
[06:16:23] [Server thread/INFO]: Preparing spawn area: 0%
[06:16:37] [Server-Worker-2/INFO]: Preparing spawn area: 83%
[06:16:37] [Server-Worker-3/INFO]: Preparing spawn area: 83%
[06:16:37] [Server-Worker-2/INFO]: Preparing spawn area: 83%
[06:16:37] [Server-Worker-3/INFO]: Preparing spawn area: 83%
[06:16:37] [Server thread/INFO]: Preparing spawn area: 83%
[06:16:37] [Server thread/INFO]: Preparing spawn area: 83%
[06:16:37] [Server thread/INFO]: Preparing spawn area: 83%
[06:16:37] [Server-Worker-2/INFO]: Preparing spawn area: 83%
[06:16:37] [Server thread/INFO]: Preparing spawn area: 83%
[06:16:37] [Server-Worker-2/INFO]: Preparing spawn area: 83%
[06:16:37] [Server thread/INFO]: Preparing spawn area: 83%
[06:16:37] [Server-Worker-2/INFO]: Preparing spawn area: 83%
[06:16:37] [Server-Worker-2/INFO]: Preparing spawn area: 83%
[06:16:37] [Server-Worker-2/INFO]: Preparing spawn area: 83%
[06:16:37] [Server thread/INFO]: Preparing spawn area: 83%
[06:16:37] [Server thread/INFO]: Preparing spawn area: 83%
[06:16:37] [Server-Worker-2/INFO]: Preparing spawn area: 83%
[06:16:37] [Server thread/INFO]: Preparing spawn area: 83%
[06:16:37] [Server thread/INFO]: Preparing spawn area: 83%
[06:16:37] [Server thread/INFO]: Preparing spawn area: 83%
[06:16:37] [Server thread/INFO]: Preparing spawn area: 83%
[06:16:37] [Server thread/INFO]: Preparing spawn area: 83%
[06:16:37] [Server thread/INFO]: Preparing spawn area: 83%
[06:16:37] [Server thread/INFO]: Preparing spawn area: 83%
[06:16:37] [Server thread/INFO]: Preparing spawn area: 83%
[06:16:37] [Server thread/INFO]: Preparing spawn area: 83%
[06:16:37] [Server-Worker-3/INFO]: Preparing spawn area: 83%
[06:16:37] [Server thread/INFO]: Preparing spawn area: 83%
[06:16:37] [Server thread/INFO]: Preparing spawn area: 85%
[06:16:38] [Server thread/INFO]: Time elapsed: 17286 ms
[06:16:38] [Server thread/INFO]: Done (50.451s)! For help, type "help"
[06:16:46] [Server thread/INFO]: /advancement (grant|revoke)
[06:16:46] [Server thread/INFO]: /ban <targets> [<reason>]
[06:16:46] [Server thread/INFO]: /ban-ip <target> [<reason>]
[06:16:46] [Server thread/INFO]: /banlist [ips|players]
[06:16:46] [Server thread/INFO]: /bossbar (add|get|list|remove|set)
[06:16:46] [Server thread/INFO]: /clear [<targets>]
[06:16:46] [Server thread/INFO]: /clone <begin> <end> <destination> [filtered|masked|replace]
[06:16:46] [Server thread/INFO]: /data (get|merge|modify|remove)
[06:16:46] [Server thread/INFO]: /datapack (disable|enable|list)
[06:16:46] [Server thread/INFO]: /debug (report|start|stop)
[06:16:46] [Server thread/INFO]: /defaultgamemode (adventure|creative|spectator|survival)
[06:16:46] [Server thread/INFO]: /deop <targets>
[06:16:46] [Server thread/INFO]: /difficulty [easy|hard|normal|peaceful]
[06:16:46] [Server thread/INFO]: /effect (clear|give)
[06:16:46] [Server thread/INFO]: /enchant <targets> <enchantment> [<level>]
[06:16:46] [Server thread/INFO]: /execute (align|anchored|as|at|facing|if|in|positioned|rotated|run|store|unless)
[06:16:46] [Server thread/INFO]: /experience (add|query|set)
[06:16:46] [Server thread/INFO]: /fill <from> <to> <block> [destroy|hollow|keep|outline|replace]
[06:16:46] [Server thread/INFO]: /forceload (add|query|remove)
[06:16:46] [Server thread/INFO]: /function <name>
[06:16:46] [Server thread/INFO]: /gamemode (adventure|creative|spectator|survival)
[06:16:46] [Server thread/INFO]: /gamerule (announceAdvancements|commandBlockOutput|disableElytraMovementCheck|disableRaids|doDaylightCycle|doEntityDrops|doFireTick|doLimitedCrafting|doMobLoot|doMobSpawning|doTileDrops|doWeatherCycle|keepInventory|logAdminCommands|maxCommandChainLength|maxEntityCramming|mobGriefing|naturalRegeneration|randomTickSpeed|reducedDebugInfo|sendCommandFeedback|showDeathMessages|spawnRadius|spectatorsGenerateChunks)
[06:16:46] [Server thread/INFO]: /give <targets> <item> [<count>]
[06:16:46] [Server thread/INFO]: /help [<command>]
[06:16:46] [Server thread/INFO]: /kick <targets> [<reason>]
[06:16:46] [Server thread/INFO]: /kill <targets>
[06:16:46] [Server thread/INFO]: /list [uuids]
[06:16:46] [Server thread/INFO]: /locate (Buried_Treasure|Desert_Pyramid|EndCity|Fortress|Igloo|Jungle_Pyramid|Mansion|Mineshaft|Monument|Ocean_Ruin|Pillager_Outpost|Shipwreck|Stronghold|Swamp_Hut|Village)
[06:16:46] [Server thread/INFO]: /loot (give|insert|replace|spawn)
[06:16:46] [Server thread/INFO]: /me <action>
[06:16:46] [Server thread/INFO]: /msg <targets> <message>
[06:16:46] [Server thread/INFO]: /op <targets>
[06:16:46] [Server thread/INFO]: /pardon <targets>
[06:16:46] [Server thread/INFO]: /pardon-ip <target>
[06:16:46] [Server thread/INFO]: /particle <name> [<pos>]
[06:16:46] [Server thread/INFO]: /playsound <sound> (ambient|block|hostile|master|music|neutral|player|record|voice|weather)
[06:16:46] [Server thread/INFO]: /recipe (give|take)
[06:16:46] [Server thread/INFO]: /reload
[06:16:46] [Server thread/INFO]: /replaceitem (block|entity)
[06:16:46] [Server thread/INFO]: /save-all [flush]
[06:16:46] [Server thread/INFO]: /save-off
[06:16:46] [Server thread/INFO]: /save-on
[06:16:46] [Server thread/INFO]: /say <message>
[06:16:46] [Server thread/INFO]: /schedule function <function> <time>
[06:16:46] [Server thread/INFO]: /scoreboard (objectives|players)
[06:16:46] [Server thread/INFO]: /seed
[06:16:46] [Server thread/INFO]: /setblock <pos> <block> [destroy|keep|replace]
[06:16:46] [Server thread/INFO]: /setidletimeout <minutes>
[06:16:46] [Server thread/INFO]: /setworldspawn [<pos>]
[06:16:46] [Server thread/INFO]: /spawnpoint [<targets>]
[06:16:46] [Server thread/INFO]: /spreadplayers <center> <spreadDistance> <maxRange> <respectTeams> <targets>
[06:16:46] [Server thread/INFO]: /stop
[06:16:46] [Server thread/INFO]: /stopsound <targets> [*|ambient|block|hostile|master|music|neutral|player|record|voice|weather]
[06:16:46] [Server thread/INFO]: /summon <entity> [<pos>]
[06:16:46] [Server thread/INFO]: /tag <targets> (add|list|remove)
[06:16:46] [Server thread/INFO]: /team (add|empty|join|leave|list|modify|remove)
[06:16:46] [Server thread/INFO]: /teammsg <message>
[06:16:46] [Server thread/INFO]: /teleport (<destination>|<location>|<targets>)
[06:16:46] [Server thread/INFO]: /tell -> msg
[06:16:46] [Server thread/INFO]: /tellraw <targets> <message>
[06:16:46] [Server thread/INFO]: /time (add|query|set)
[06:16:46] [Server thread/INFO]: /title <targets> (actionbar|clear|reset|subtitle|times|title)
[06:16:46] [Server thread/INFO]: /tm -> teammsg
[06:16:47] [Server thread/INFO]: /tp -> teleport
[06:16:47] [Server thread/INFO]: /trigger <objective> [add|set]
[06:16:47] [Server thread/INFO]: /w -> msg
[06:16:47] [Server thread/INFO]: /weather (clear|rain|thunder)
[06:16:47] [Server thread/INFO]: /whitelist (add|list|off|on|reload|remove)
[06:16:47] [Server thread/INFO]: /worldborder (add|center|damage|get|set|warning)
[06:16:47] [Server thread/INFO]: /xp -> experience
[06:17:08] [User Authenticator #1/INFO]: UUID of player Darkbass25 is b9d2d2f0-74d3-4f69-8fe0-5f1e0f5673f8
[06:17:08] [Server thread/INFO]: Darkbass25[/127.0.0.1:62168] logged in with entity id 382 at (-216.1836441858131, 64.0, 190.87739126273982)
[06:17:08] [Server thread/INFO]: Darkbass25 joined the game
[06:17:30] [Server thread/INFO]: * Darkbass25 text 19294611710 hi
[06:18:15] [Server thread/INFO]: Set Darkbass25's game mode to Creative Mode
[06:19:34] [Server thread/INFO]: * Darkbass25 text 17162922641 hi
[06:21:41] [Server thread/WARN]: Can't keep up! Is the server overloaded? Running 3028ms or 60 ticks behind
[06:28:47] [Server thread/INFO]: * Darkbass25 text 19294611710 hi
[06:29:00] [Server thread/INFO]: * Darkbass25 text 17162922641 hi
[06:37:46] [Server thread/INFO]: /advancement (grant|revoke)
[06:37:46] [Server thread/INFO]: /ban <targets> [<reason>]
[06:37:46] [Server thread/INFO]: /ban-ip <target> [<reason>]
[06:37:46] [Server thread/INFO]: /banlist [ips|players]
[06:37:46] [Server thread/INFO]: /bossbar (add|get|list|remove|set)
[06:37:46] [Server thread/INFO]: /clear [<targets>]
[06:37:46] [Server thread/INFO]: /clone <begin> <end> <destination> [filtered|masked|replace]
[06:37:46] [Server thread/INFO]: /data (get|merge|modify|remove)
[06:37:46] [Server thread/INFO]: /datapack (disable|enable|list)
[06:37:46] [Server thread/INFO]: /debug (report|start|stop)
[06:37:46] [Server thread/INFO]: /defaultgamemode (adventure|creative|spectator|survival)
[06:37:46] [Server thread/INFO]: /deop <targets>
[06:37:46] [Server thread/INFO]: /difficulty [easy|hard|normal|peaceful]
[06:37:46] [Server thread/INFO]: /effect (clear|give)
[06:37:46] [Server thread/INFO]: /enchant <targets> <enchantment> [<level>]
[06:37:46] [Server thread/INFO]: /execute (align|anchored|as|at|facing|if|in|positioned|rotated|run|store|unless)
[06:37:46] [Server thread/INFO]: /experience (add|query|set)
[06:37:46] [Server thread/INFO]: /fill <from> <to> <block> [destroy|hollow|keep|outline|replace]
[06:37:46] [Server thread/INFO]: /forceload (add|query|remove)
[06:37:46] [Server thread/INFO]: /function <name>
[06:37:46] [Server thread/INFO]: /gamemode (adventure|creative|spectator|survival)
[06:37:46] [Server thread/INFO]: /gamerule (announceAdvancements|commandBlockOutput|disableElytraMovementCheck|disableRaids|doDaylightCycle|doEntityDrops|doFireTick|doLimitedCrafting|doMobLoot|doMobSpawning|doTileDrops|doWeatherCycle|keepInventory|logAdminCommands|maxCommandChainLength|maxEntityCramming|mobGriefing|naturalRegeneration|randomTickSpeed|reducedDebugInfo|sendCommandFeedback|showDeathMessages|spawnRadius|spectatorsGenerateChunks)
[06:37:46] [Server thread/INFO]: /give <targets> <item> [<count>]
[06:37:46] [Server thread/INFO]: /help [<command>]
[06:37:46] [Server thread/INFO]: /kick <targets> [<reason>]
[06:37:46] [Server thread/INFO]: /kill <targets>
[06:37:46] [Server thread/INFO]: /list [uuids]
[06:37:46] [Server thread/INFO]: /locate (Buried_Treasure|Desert_Pyramid|EndCity|Fortress|Igloo|Jungle_Pyramid|Mansion|Mineshaft|Monument|Ocean_Ruin|Pillager_Outpost|Shipwreck|Stronghold|Swamp_Hut|Village)
[06:37:46] [Server thread/INFO]: /loot (give|insert|replace|spawn)
[06:37:46] [Server thread/INFO]: /me <action>
[06:37:46] [Server thread/INFO]: /msg <targets> <message>
[06:37:46] [Server thread/INFO]: /op <targets>
[06:37:46] [Server thread/INFO]: /pardon <targets>
[06:37:46] [Server thread/INFO]: /pardon-ip <target>
[06:37:46] [Server thread/INFO]: /particle <name> [<pos>]
[06:37:46] [Server thread/INFO]: /playsound <sound> (ambient|block|hostile|master|music|neutral|player|record|voice|weather)
[06:37:46] [Server thread/INFO]: /recipe (give|take)
[06:37:46] [Server thread/INFO]: /reload
[06:37:46] [Server thread/INFO]: /replaceitem (block|entity)
[06:37:46] [Server thread/INFO]: /save-all [flush]
[06:37:46] [Server thread/INFO]: /save-off
[06:37:46] [Server thread/INFO]: /save-on
[06:37:46] [Server thread/INFO]: /say <message>
[06:37:46] [Server thread/INFO]: /schedule function <function> <time>
[06:37:46] [Server thread/INFO]: /scoreboard (objectives|players)
[06:37:46] [Server thread/INFO]: /seed
[06:37:46] [Server thread/INFO]: /setblock <pos> <block> [destroy|keep|replace]
[06:37:46] [Server thread/INFO]: /setidletimeout <minutes>
[06:37:46] [Server thread/INFO]: /setworldspawn [<pos>]
[06:37:46] [Server thread/INFO]: /spawnpoint [<targets>]
[06:37:46] [Server thread/INFO]: /spreadplayers <center> <spreadDistance> <maxRange> <respectTeams> <targets>
[06:37:46] [Server thread/INFO]: /stop
[06:37:46] [Server thread/INFO]: /stopsound <targets> [*|ambient|block|hostile|master|music|neutral|player|record|voice|weather]
[06:37:46] [Server thread/INFO]: /summon <entity> [<pos>]
[06:37:46] [Server thread/INFO]: /tag <targets> (add|list|remove)
[06:37:46] [Server thread/INFO]: /team (add|empty|join|leave|list|modify|remove)
[06:37:46] [Server thread/INFO]: /teammsg <message>
[06:37:46] [Server thread/INFO]: /teleport (<destination>|<location>|<targets>)
[06:37:46] [Server thread/INFO]: /tell -> msg
[06:37:46] [Server thread/INFO]: /tellraw <targets> <message>
[06:37:46] [Server thread/INFO]: /time (add|query|set)
[06:37:46] [Server thread/INFO]: /title <targets> (actionbar|clear|reset|subtitle|times|title)
[06:37:46] [Server thread/INFO]: /tm -> teammsg
[06:37:46] [Server thread/INFO]: /tp -> teleport
[06:37:46] [Server thread/INFO]: /trigger <objective> [add|set]
[06:37:46] [Server thread/INFO]: /w -> msg
[06:37:46] [Server thread/INFO]: /weather (clear|rain|thunder)
[06:37:46] [Server thread/INFO]: /whitelist (add|list|off|on|reload|remove)
[06:37:46] [Server thread/INFO]: /worldborder (add|center|damage|get|set|warning)
[06:37:46] [Server thread/INFO]: /xp -> experience
[06:37:50] [Server thread/INFO]: Darkbass25 fell out of the world
[06:37:50] [Server thread/INFO]: Killed Darkbass25
