[05:11:41] [main/WARN]: Ambiguity between arguments [teleport, destination] and [teleport, targets] with inputs: [Player, 0123, @e, dd12be42-52a9-4a91-a8a1-11c01849e498]
[05:11:41] [main/WARN]: Ambiguity between arguments [teleport, location] and [teleport, destination] with inputs: [0.1 -0.5 .9, 0 0 0]
[05:11:41] [main/WARN]: Ambiguity between arguments [teleport, location] and [teleport, targets] with inputs: [0.1 -0.5 .9, 0 0 0]
[05:11:41] [main/WARN]: Ambiguity between arguments [teleport, targets] and [teleport, destination] with inputs: [Player, 0123, dd12be42-52a9-4a91-a8a1-11c01849e498]
[05:11:41] [main/WARN]: Ambiguity between arguments [teleport, targets, location] and [teleport, targets, destination] with inputs: [0.1 -0.5 .9, 0 0 0]
[05:11:41] [Server thread/INFO]: Starting minecraft server version 1.14.4
[05:11:41] [Server thread/INFO]: Loading properties
[05:11:41] [Server thread/INFO]: Default game type: SURVIVAL
[05:11:41] [Server thread/INFO]: Generating keypair
[05:11:42] [Server thread/INFO]: Starting Minecraft server on *:25565
[05:11:42] [Server thread/INFO]: Using default channel type
[05:11:42] [Server thread/INFO]: Preparing level "world"
[05:11:43] [Server thread/INFO]: Reloading ResourceManager: Default
[05:12:03] [Server thread/INFO]: Loaded 6 recipes
[05:12:03] [Server thread/INFO]: Loaded 811 advancements
[05:12:03] [Server thread/INFO]: Preparing start region for dimension minecraft:overworld
[05:12:05] [Server thread/INFO]: Preparing spawn area: 0%
[05:12:05] [Server thread/INFO]: Preparing spawn area: 0%
[05:12:05] [Server thread/INFO]: Preparing spawn area: 0%
[05:12:09] [Server-Worker-3/INFO]: Preparing spawn area: 83%
[05:12:09] [Server-Worker-1/INFO]: Preparing spawn area: 83%
[05:12:09] [Server-Worker-1/INFO]: Preparing spawn area: 83%
[05:12:09] [Server-Worker-1/INFO]: Preparing spawn area: 83%
[05:12:09] [Server-Worker-1/INFO]: Preparing spawn area: 83%
[05:12:09] [Server-Worker-1/INFO]: Preparing spawn area: 83%
[05:12:09] [Server-Worker-1/INFO]: Preparing spawn area: 83%
[05:12:09] [Server-Worker-1/INFO]: Preparing spawn area: 83%
[05:12:09] [Server-Worker-1/INFO]: Preparing spawn area: 83%
[05:12:09] [Server thread/INFO]: Time elapsed: 5863 ms
[05:12:09] [Server thread/INFO]: Done (26.841s)! For help, type "help"
